animals.gram
animalsar.gram
ara.dic
ara/feat.params
ara/mdef
ara/means
ara/mixture_weights
ara/noisedict
ara/sendump
ara/transition_matrices
ara/variances
art.gram
artar.gram
cmudict-en-us(original).dict
cmudict-en-us.dict
digits.gram
en-phone.dmp
en-us-ptm/README
en-us-ptm/feat.params
en-us-ptm/mdef
en-us-ptm/means
en-us-ptm/noisedict
en-us-ptm/sendump
en-us-ptm/transition_matrices
en-us-ptm/variances
food.gram
foodar.gram
geography.gram
geographyar.gram
history.gram
historyar.gram
menu.gram
merhaba.gram
music.gram
musicar.gram
science.gram
sciencear.gram
shadow.gram
shadowar.gram
sport.gram
sportar.gram
technology.gram
technologyar.gram
weather.dmp